Command line invocation:
    /Applications/Xcode.app/Contents/Developer/usr/bin/xcodebuild -project AudiobookPlayer.xcodeproj -scheme AudiobookPlayer -configuration Debug

Resolve Package Graph


Resolved source packages:
  ZIPFoundation: https://github.com/weichsel/ZIPFoundation.git @ 0.9.20
  GRDB: https://github.com/groue/GRDB.swift.git @ 7.8.0

--- xcodebuild: WARNING: Using the first of multiple matching destinations:
{ platform:macOS, arch:arm64, variant:Mac Catalyst, id:00006000-000A04D13CFA401E, name:My Mac }
{ platform:macOS, arch:x86_64, variant:Mac Catalyst, id:00006000-000A04D13CFA401E, name:My Mac }
{ platform:macOS, arch:arm64, variant:Designed for [iPad,iPhone], id:00006000-000A04D13CFA401E, name:My Mac }
{ platform:iOS, id:dvtdevice-DVTiPhonePlaceholder-iphoneos:placeholder, name:Any iOS Device }
{ platform:iOS Simulator, id:dvtdevice-DVTiOSDeviceSimulatorPlaceholder-iphonesimulator:placeholder, name:Any iOS Simulator Device }
{ platform:macOS, variant:Mac Catalyst, name:Any Mac }
{ platform:iOS Simulator, arch:arm64, id:A182FB1E-C555-4745-8BAB-EE4CE3D0AF72, OS:26.0.1, name:iPad (A16) }
{ platform:iOS Simulator, arch:arm64, id:AA1451A0-FD27-45A8-B05A-268B399892C8, OS:26.0.1, name:iPad Air 11-inch (M3) }
{ platform:iOS Simulator, arch:arm64, id:9E42223F-B25A-4E6F-9A66-F2AD0395AD7D, OS:26.0.1, name:iPad Air 13-inch (M3) }
{ platform:iOS Simulator, arch:arm64, id:DA66EFCA-8D38-461E-A3E4-EF1F58ECDA17, OS:26.0.1, name:iPad Pro 11-inch (M4) }
{ platform:iOS Simulator, arch:arm64, id:371BFDB3-1DC9-4275-831B-0921A9F6AA20, OS:26.0.1, name:iPad Pro 13-inch (M4) }
{ platform:iOS Simulator, arch:arm64, id:60580472-5480-4D89-B6E3-B5BB53AC3D8C, OS:26.0.1, name:iPad mini (A17 Pro) }
{ platform:iOS Simulator, arch:arm64, id:81815D9A-86E0-4AF7-916F-A9EA48DFED1D, OS:26.0.1, name:iPhone 16e }
{ platform:iOS Simulator, arch:arm64, id:D2033535-972A-4E17-8892-F68152780C39, OS:26.0.1, name:iPhone 17 }
{ platform:iOS Simulator, arch:arm64, id:D257B177-9382-4569-868E-7F4848AFBC40, OS:26.0.1, name:iPhone 17 Pro }
{ platform:iOS Simulator, arch:arm64, id:846775AD-BF68-400D-89CE-75544479CDE4, OS:26.0.1, name:iPhone 17 Pro Max }
{ platform:iOS Simulator, arch:arm64, id:0CCDA0A1-A9B0-45C7-A6E1-05AE690AD595, OS:26.0.1, name:iPhone Air }
{ platform:iOS, arch:arm64, id:00008120-001955141468C01E, name:Plato’Utopia }
ComputePackagePrebuildTargetDependencyGraph

Prepare packages

CreateBuildRequest

SendProjectDescription

CreateBuildOperation

ComputeTargetDependencyGraph
note: Building targets in dependency order
note: Target dependency graph (8 targets)
    Target 'AudiobookPlayer' in project 'AudiobookPlayer'
        ➜ Explicit dependency on target 'GRDB' in project 'GRDB'
        ➜ Explicit dependency on target 'ZIPFoundation' in project 'ZIPFoundation'
    Target 'ZIPFoundation' in project 'ZIPFoundation'
        ➜ Explicit dependency on target 'ZIPFoundation' in project 'ZIPFoundation'
        ➜ Explicit dependency on target 'ZIPFoundation_ZIPFoundation' in project 'ZIPFoundation'
    Target 'ZIPFoundation' in project 'ZIPFoundation'
        ➜ Explicit dependency on target 'ZIPFoundation_ZIPFoundation' in project 'ZIPFoundation'
    Target 'ZIPFoundation_ZIPFoundation' in project 'ZIPFoundation' (no dependencies)
    Target 'GRDB' in project 'GRDB'
        ➜ Explicit dependency on target 'GRDB' in project 'GRDB'
        ➜ Explicit dependency on target 'GRDB_GRDB' in project 'GRDB'
    Target 'GRDB' in project 'GRDB'
        ➜ Explicit dependency on target 'GRDB_GRDB' in project 'GRDB'
        ➜ Explicit dependency on target 'GRDBSQLite' in project 'GRDB'
    Target 'GRDBSQLite' in project 'GRDB' (no dependencies)
    Target 'GRDB_GRDB' in project 'GRDB' (no dependencies)

GatherProvisioningInputs

CreateBuildDescription

ExecuteExternalTool /Applications/Xcode.app/Contents/Developer/Toolchains/XcodeDefault.xctoolchain/usr/bin/clang -v -E -dM -isysroot /Applications/Xcode.app/Contents/Developer/Platforms/MacOSX.platform/Developer/SDKs/MacOSX26.0.sdk -x c -c /dev/null

ExecuteExternalTool /Applications/Xcode.app/Contents/Developer/usr/bin/xcstringstool compile --dry-run --output-directory /Users/senaca/Library/Developer/Xcode/DerivedData/AudiobookPlayer-aqutoaiklelvyvayxmjgbonardxy/Build/Intermediates.noindex/AudiobookPlayer.build/Debug-maccatalyst/AudiobookPlayer.build /Users/senaca/projects/audiobook-player/AudiobookPlayer/Localizable.xcstrings

ExecuteExternalTool /Applications/Xcode.app/Contents/Developer/Toolchains/XcodeDefault.xctoolchain/usr/bin/swiftc --version

ExecuteExternalTool /Applications/Xcode.app/Contents/Developer/usr/bin/actool --version --output-format xml1

ExecuteExternalTool /Applications/Xcode.app/Contents/Developer/Toolchains/XcodeDefault.xctoolchain/usr/bin/ld -version_details

ReadFileContents /Applications/Xcode.app/Contents/Developer/Toolchains/XcodeDefault.xctoolchain/usr/share/docc/features.json

Build description signature: 1ec7cfb08ea0a951f576d9659415140b
Build description path: /Users/senaca/Library/Developer/Xcode/DerivedData/AudiobookPlayer-aqutoaiklelvyvayxmjgbonardxy/Build/Intermediates.noindex/XCBuildData/1ec7cfb08ea0a951f576d9659415140b.xcbuilddata
ClangStatCache /Applications/Xcode.app/Contents/Developer/Toolchains/XcodeDefault.xctoolchain/usr/bin/clang-stat-cache /Applications/Xcode.app/Contents/Developer/Platforms/MacOSX.platform/Developer/SDKs/MacOSX26.0.sdk /Users/senaca/Library/Developer/Xcode/DerivedData/SDKStatCaches.noindex/macosx26.0-25A352-28806144b0707e398aac92880fa50324.sdkstatcache
    cd /Users/senaca/projects/audiobook-player/AudiobookPlayer.xcodeproj
    /Applications/Xcode.app/Contents/Developer/Toolchains/XcodeDefault.xctoolchain/usr/bin/clang-stat-cache /Applications/Xcode.app/Contents/Developer/Platforms/MacOSX.platform/Developer/SDKs/MacOSX26.0.sdk -o /Users/senaca/Library/Developer/Xcode/DerivedData/SDKStatCaches.noindex/macosx26.0-25A352-28806144b0707e398aac92880fa50324.sdkstatcache

ProcessInfoPlistFile /Users/senaca/Library/Developer/Xcode/DerivedData/AudiobookPlayer-aqutoaiklelvyvayxmjgbonardxy/Build/Products/Debug-maccatalyst/ZIPFoundation_ZIPFoundation.bundle/Contents/Info.plist /Users/senaca/Library/Developer/Xcode/DerivedData/AudiobookPlayer-aqutoaiklelvyvayxmjgbonardxy/Build/Intermediates.noindex/ZIPFoundation.build/Debug-maccatalyst/ZIPFoundation_ZIPFoundation.build/empty-ZIPFoundation_ZIPFoundation.plist (in target 'ZIPFoundation_ZIPFoundation' from project 'ZIPFoundation')
    cd /Users/senaca/Library/Developer/Xcode/DerivedData/AudiobookPlayer-aqutoaiklelvyvayxmjgbonardxy/SourcePackages/checkouts/ZIPFoundation
    builtin-infoPlistUtility /Users/senaca/Library/Developer/Xcode/DerivedData/AudiobookPlayer-aqutoaiklelvyvayxmjgbonardxy/Build/Intermediates.noindex/ZIPFoundation.build/Debug-maccatalyst/ZIPFoundation_ZIPFoundation.build/empty-ZIPFoundation_ZIPFoundation.plist -producttype com.apple.product-type.bundle -expandbuildsettings -platform macosx -o /Users/senaca/Library/Developer/Xcode/DerivedData/AudiobookPlayer-aqutoaiklelvyvayxmjgbonardxy/Build/Products/Debug-maccatalyst/ZIPFoundation_ZIPFoundation.bundle/Contents/Info.plist

ProcessInfoPlistFile /Users/senaca/Library/Developer/Xcode/DerivedData/AudiobookPlayer-aqutoaiklelvyvayxmjgbonardxy/Build/Products/Debug-maccatalyst/GRDB_GRDB.bundle/Contents/Info.plist /Users/senaca/Library/Developer/Xcode/DerivedData/AudiobookPlayer-aqutoaiklelvyvayxmjgbonardxy/Build/Intermediates.noindex/GRDB.build/Debug-maccatalyst/GRDB_GRDB.build/empty-GRDB_GRDB.plist (in target 'GRDB_GRDB' from project 'GRDB')
    cd /Users/senaca/Library/Developer/Xcode/DerivedData/AudiobookPlayer-aqutoaiklelvyvayxmjgbonardxy/SourcePackages/checkouts/GRDB.swift
    builtin-infoPlistUtility /Users/senaca/Library/Developer/Xcode/DerivedData/AudiobookPlayer-aqutoaiklelvyvayxmjgbonardxy/Build/Intermediates.noindex/GRDB.build/Debug-maccatalyst/GRDB_GRDB.build/empty-GRDB_GRDB.plist -producttype com.apple.product-type.bundle -expandbuildsettings -platform macosx -o /Users/senaca/Library/Developer/Xcode/DerivedData/AudiobookPlayer-aqutoaiklelvyvayxmjgbonardxy/Build/Products/Debug-maccatalyst/GRDB_GRDB.bundle/Contents/Info.plist

WriteAuxiliaryFile /Users/senaca/Library/Developer/Xcode/DerivedData/AudiobookPlayer-aqutoaiklelvyvayxmjgbonardxy/Build/Intermediates.noindex/AudiobookPlayer.build/Debug-maccatalyst/AudiobookPlayer.build/Objects-normal/arm64/HappyBear.SwiftFileList (in target 'AudiobookPlayer' from project 'AudiobookPlayer')
    cd /Users/senaca/projects/audiobook-player
    write-file /Users/senaca/Library/Developer/Xcode/DerivedData/AudiobookPlayer-aqutoaiklelvyvayxmjgbonardxy/Build/Intermediates.noindex/AudiobookPlayer.build/Debug-maccatalyst/AudiobookPlayer.build/Objects-normal/arm64/HappyBear.SwiftFileList

WriteAuxiliaryFile /Users/senaca/Library/Developer/Xcode/DerivedData/AudiobookPlayer-aqutoaiklelvyvayxmjgbonardxy/Build/Intermediates.noindex/AudiobookPlayer.build/Debug-maccatalyst/AudiobookPlayer.build/Objects-normal/arm64/HappyBear.SwiftConstValuesFileList (in target 'AudiobookPlayer' from project 'AudiobookPlayer')
    cd /Users/senaca/projects/audiobook-player
    write-file /Users/senaca/Library/Developer/Xcode/DerivedData/AudiobookPlayer-aqutoaiklelvyvayxmjgbonardxy/Build/Intermediates.noindex/AudiobookPlayer.build/Debug-maccatalyst/AudiobookPlayer.build/Objects-normal/arm64/HappyBear.SwiftConstValuesFileList

WriteAuxiliaryFile /Users/senaca/Library/Developer/Xcode/DerivedData/AudiobookPlayer-aqutoaiklelvyvayxmjgbonardxy/Build/Intermediates.noindex/AudiobookPlayer.build/Debug-maccatalyst/AudiobookPlayer.build/Objects-normal/arm64/HappyBear.LinkFileList (in target 'AudiobookPlayer' from project 'AudiobookPlayer')
    cd /Users/senaca/projects/audiobook-player
    write-file /Users/senaca/Library/Developer/Xcode/DerivedData/AudiobookPlayer-aqutoaiklelvyvayxmjgbonardxy/Build/Intermediates.noindex/AudiobookPlayer.build/Debug-maccatalyst/AudiobookPlayer.build/Objects-normal/arm64/HappyBear.LinkFileList

WriteAuxiliaryFile /Users/senaca/Library/Developer/Xcode/DerivedData/AudiobookPlayer-aqutoaiklelvyvayxmjgbonardxy/Build/Intermediates.noindex/AudiobookPlayer.build/Debug-maccatalyst/AudiobookPlayer.build/Objects-normal/arm64/AudiobookPlayer-OutputFileMap.json (in target 'AudiobookPlayer' from project 'AudiobookPlayer')
    cd /Users/senaca/projects/audiobook-player
    write-file /Users/senaca/Library/Developer/Xcode/DerivedData/AudiobookPlayer-aqutoaiklelvyvayxmjgbonardxy/Build/Intermediates.noindex/AudiobookPlayer.build/Debug-maccatalyst/AudiobookPlayer.build/Objects-normal/arm64/AudiobookPlayer-OutputFileMap.json

GenerateAssetSymbols /Users/senaca/projects/audiobook-player/AudiobookPlayer/Assets.xcassets /Users/senaca/projects/audiobook-player/AudiobookPlayer/Preview\ Content/Preview\ Assets.xcassets (in target 'AudiobookPlayer' from project 'AudiobookPlayer')
    cd /Users/senaca/projects/audiobook-player
    /Applications/Xcode.app/Contents/Developer/usr/bin/actool /Users/senaca/projects/audiobook-player/AudiobookPlayer/Assets.xcassets /Users/senaca/projects/audiobook-player/AudiobookPlayer/Preview\ Content/Preview\ Assets.xcassets --compile /Users/senaca/Library/Developer/Xcode/DerivedData/AudiobookPlayer-aqutoaiklelvyvayxmjgbonardxy/Build/Products/Debug-maccatalyst/HappyBear.app/Contents/Resources --output-format human-readable-text --notices --warnings --export-dependency-info /Users/senaca/Library/Developer/Xcode/DerivedData/AudiobookPlayer-aqutoaiklelvyvayxmjgbonardxy/Build/Intermediates.noindex/AudiobookPlayer.build/Debug-maccatalyst/AudiobookPlayer.build/assetcatalog_dependencies --output-partial-info-plist /Users/senaca/Library/Developer/Xcode/DerivedData/AudiobookPlayer-aqutoaiklelvyvayxmjgbonardxy/Build/Intermediates.noindex/AudiobookPlayer.build/Debug-maccatalyst/AudiobookPlayer.build/assetcatalog_generated_info.plist --app-icon AppIcon --accent-color AccentColor --ui-framework-family uikit --enable-on-demand-resources NO --development-region zh-Hans --target-device ipad --minimum-deployment-target 16.0 --platform macosx --bundle-identifier com.wdh.happyBear --generate-swift-asset-symbol-extensions NO --generate-swift-asset-symbols /Users/senaca/Library/Developer/Xcode/DerivedData/AudiobookPlayer-aqutoaiklelvyvayxmjgbonardxy/Build/Intermediates.noindex/AudiobookPlayer.build/Debug-maccatalyst/AudiobookPlayer.build/DerivedSources/GeneratedAssetSymbols.swift --generate-objc-asset-symbols /Users/senaca/Library/Developer/Xcode/DerivedData/AudiobookPlayer-aqutoaiklelvyvayxmjgbonardxy/Build/Intermediates.noindex/AudiobookPlayer.build/Debug-maccatalyst/AudiobookPlayer.build/DerivedSources/GeneratedAssetSymbols.h --generate-asset-symbol-index /Users/senaca/Library/Developer/Xcode/DerivedData/AudiobookPlayer-aqutoaiklelvyvayxmjgbonardxy/Build/Intermediates.noindex/AudiobookPlayer.build/Debug-maccatalyst/AudiobookPlayer.build/DerivedSources/GeneratedAssetSymbols-Index.plist
/* com.apple.actool.compilation-results */
/Users/senaca/Library/Developer/Xcode/DerivedData/AudiobookPlayer-aqutoaiklelvyvayxmjgbonardxy/Build/Intermediates.noindex/AudiobookPlayer.build/Debug-maccatalyst/AudiobookPlayer.build/DerivedSources/GeneratedAssetSymbols-Index.plist
/Users/senaca/Library/Developer/Xcode/DerivedData/AudiobookPlayer-aqutoaiklelvyvayxmjgbonardxy/Build/Intermediates.noindex/AudiobookPlayer.build/Debug-maccatalyst/AudiobookPlayer.build/DerivedSources/GeneratedAssetSymbols.h
/Users/senaca/Library/Developer/Xcode/DerivedData/AudiobookPlayer-aqutoaiklelvyvayxmjgbonardxy/Build/Intermediates.noindex/AudiobookPlayer.build/Debug-maccatalyst/AudiobookPlayer.build/DerivedSources/GeneratedAssetSymbols.swift


LinkAssetCatalog /Users/senaca/projects/audiobook-player/AudiobookPlayer/Assets.xcassets /Users/senaca/projects/audiobook-player/AudiobookPlayer/Preview\ Content/Preview\ Assets.xcassets (in target 'AudiobookPlayer' from project 'AudiobookPlayer')
    cd /Users/senaca/projects/audiobook-player
    builtin-linkAssetCatalog --thinned /Users/senaca/Library/Developer/Xcode/DerivedData/AudiobookPlayer-aqutoaiklelvyvayxmjgbonardxy/Build/Intermediates.noindex/AudiobookPlayer.build/Debug-maccatalyst/AudiobookPlayer.build/assetcatalog_output/thinned --thinned-dependencies /Users/senaca/Library/Developer/Xcode/DerivedData/AudiobookPlayer-aqutoaiklelvyvayxmjgbonardxy/Build/Intermediates.noindex/AudiobookPlayer.build/Debug-maccatalyst/AudiobookPlayer.build/assetcatalog_dependencies_thinned --thinned-info-plist-content /Users/senaca/Library/Developer/Xcode/DerivedData/AudiobookPlayer-aqutoaiklelvyvayxmjgbonardxy/Build/Intermediates.noindex/AudiobookPlayer.build/Debug-maccatalyst/AudiobookPlayer.build/assetcatalog_generated_info.plist_thinned --unthinned /Users/senaca/Library/Developer/Xcode/DerivedData/AudiobookPlayer-aqutoaiklelvyvayxmjgbonardxy/Build/Intermediates.noindex/AudiobookPlayer.build/Debug-maccatalyst/AudiobookPlayer.build/assetcatalog_output/unthinned --unthinned-dependencies /Users/senaca/Library/Developer/Xcode/DerivedData/AudiobookPlayer-aqutoaiklelvyvayxmjgbonardxy/Build/Intermediates.noindex/AudiobookPlayer.build/Debug-maccatalyst/AudiobookPlayer.build/assetcatalog_dependencies_unthinned --unthinned-info-plist-content /Users/senaca/Library/Developer/Xcode/DerivedData/AudiobookPlayer-aqutoaiklelvyvayxmjgbonardxy/Build/Intermediates.noindex/AudiobookPlayer.build/Debug-maccatalyst/AudiobookPlayer.build/assetcatalog_generated_info.plist_unthinned --output /Users/senaca/Library/Developer/Xcode/DerivedData/AudiobookPlayer-aqutoaiklelvyvayxmjgbonardxy/Build/Products/Debug-maccatalyst/HappyBear.app/Contents/Resources --plist-output /Users/senaca/Library/Developer/Xcode/DerivedData/AudiobookPlayer-aqutoaiklelvyvayxmjgbonardxy/Build/Intermediates.noindex/AudiobookPlayer.build/Debug-maccatalyst/AudiobookPlayer.build/assetcatalog_generated_info.plist
note: Emplaced /Users/senaca/Library/Developer/Xcode/DerivedData/AudiobookPlayer-aqutoaiklelvyvayxmjgbonardxy/Build/Products/Debug-maccatalyst/HappyBear.app/Contents/Resources/Assets.car (in target 'AudiobookPlayer' from project 'AudiobookPlayer')
note: Emplaced /Users/senaca/Library/Developer/Xcode/DerivedData/AudiobookPlayer-aqutoaiklelvyvayxmjgbonardxy/Build/Products/Debug-maccatalyst/HappyBear.app/Contents/Resources/AppIcon.icns (in target 'AudiobookPlayer' from project 'AudiobookPlayer')

ProcessInfoPlistFile /Users/senaca/Library/Developer/Xcode/DerivedData/AudiobookPlayer-aqutoaiklelvyvayxmjgbonardxy/Build/Products/Debug-maccatalyst/HappyBear.app/Contents/Info.plist /Users/senaca/projects/audiobook-player/AudiobookPlayer/Info.plist (in target 'AudiobookPlayer' from project 'AudiobookPlayer')
    cd /Users/senaca/projects/audiobook-player
    builtin-infoPlistUtility /Users/senaca/projects/audiobook-player/AudiobookPlayer/Info.plist -producttype com.apple.product-type.application -genpkginfo /Users/senaca/Library/Developer/Xcode/DerivedData/AudiobookPlayer-aqutoaiklelvyvayxmjgbonardxy/Build/Products/Debug-maccatalyst/HappyBear.app/Contents/PkgInfo -expandbuildsettings -platform macosx -additionalcontentfile /Users/senaca/Library/Developer/Xcode/DerivedData/AudiobookPlayer-aqutoaiklelvyvayxmjgbonardxy/Build/Intermediates.noindex/AudiobookPlayer.build/Debug-maccatalyst/AudiobookPlayer.build/assetcatalog_generated_info.plist -scanforprivacyfile /Users/senaca/Library/Developer/Xcode/DerivedData/AudiobookPlayer-aqutoaiklelvyvayxmjgbonardxy/Build/Products/Debug-maccatalyst/HappyBear.app/Contents/Resources/GRDB_GRDB.bundle -scanforprivacyfile /Users/senaca/Library/Developer/Xcode/DerivedData/AudiobookPlayer-aqutoaiklelvyvayxmjgbonardxy/Build/Products/Debug-maccatalyst/HappyBear.app/Contents/Resources/ZIPFoundation_ZIPFoundation.bundle -o /Users/senaca/Library/Developer/Xcode/DerivedData/AudiobookPlayer-aqutoaiklelvyvayxmjgbonardxy/Build/Products/Debug-maccatalyst/HappyBear.app/Contents/Info.plist
removing entry for "LSRequiresIPhoneOS" - not supported on macOS
adding entry for "NSSupportsAutomaticTermination" => 1
adding entry for "NSSupportsSuddenTermination" => 1

SwiftDriver AudiobookPlayer normal arm64 com.apple.xcode.tools.swift.compiler (in target 'AudiobookPlayer' from project 'AudiobookPlayer')
    cd /Users/senaca/projects/audiobook-player
    builtin-SwiftDriver -- /Applications/Xcode.app/Contents/Developer/Toolchains/XcodeDefault.xctoolchain/usr/bin/swiftc -module-name HappyBear -Onone -enforce-exclusivity\=checked @/Users/senaca/Library/Developer/Xcode/DerivedData/AudiobookPlayer-aqutoaiklelvyvayxmjgbonardxy/Build/Intermediates.noindex/AudiobookPlayer.build/Debug-maccatalyst/AudiobookPlayer.build/Objects-normal/arm64/HappyBear.SwiftFileList -DDEBUG -Xcc -fmodule-map-file\=/Users/senaca/Library/Developer/Xcode/DerivedData/AudiobookPlayer-aqutoaiklelvyvayxmjgbonardxy/SourcePackages/checkouts/GRDB.swift/Sources/GRDBSQLite/module.modulemap -enable-bare-slash-regex -enable-experimental-feature DebugDescriptionMacro -sdk /Applications/Xcode.app/Contents/Developer/Platforms/MacOSX.platform/Developer/SDKs/MacOSX26.0.sdk -target arm64-apple-ios16.0-macabi -g -module-cache-path /Users/senaca/Library/Developer/Xcode/DerivedData/ModuleCache.noindex -Xfrontend -serialize-debugging-options -enable-testing -index-store-path /Users/senaca/Library/Developer/Xcode/DerivedData/AudiobookPlayer-aqutoaiklelvyvayxmjgbonardxy/Index.noindex/DataStore -Xcc -D_LIBCPP_HARDENING_MODE\=_LIBCPP_HARDENING_MODE_DEBUG -swift-version 5 -I /Users/senaca/Library/Developer/Xcode/DerivedData/AudiobookPlayer-aqutoaiklelvyvayxmjgbonardxy/Build/Products/Debug-maccatalyst -F /Users/senaca/Library/Developer/Xcode/DerivedData/AudiobookPlayer-aqutoaiklelvyvayxmjgbonardxy/Build/Products/Debug-maccatalyst/PackageFrameworks -F /Users/senaca/Library/Developer/Xcode/DerivedData/AudiobookPlayer-aqutoaiklelvyvayxmjgbonardxy/Build/Products/Debug-maccatalyst/PackageFrameworks -F /Users/senaca/Library/Developer/Xcode/DerivedData/AudiobookPlayer-aqutoaiklelvyvayxmjgbonardxy/Build/Products/Debug-maccatalyst -Fsystem /Applications/Xcode.app/Contents/Developer/Platforms/MacOSX.platform/Developer/SDKs/MacOSX26.0.sdk/System/iOSSupport/System/Library/Frameworks -Fsystem /Applications/Xcode.app/Contents/Developer/Platforms/MacOSX.platform/Developer/SDKs/MacOSX26.0.sdk/System/iOSSupport/System/Library/SubFrameworks -emit-localized-strings -emit-localized-strings-path /Users/senaca/Library/Developer/Xcode/DerivedData/AudiobookPlayer-aqutoaiklelvyvayxmjgbonardxy/Build/Intermediates.noindex/AudiobookPlayer.build/Debug-maccatalyst/AudiobookPlayer.build/Objects-normal/arm64 -c -j8 -enable-batch-mode -incremental -Xcc -ivfsstatcache -Xcc /Users/senaca/Library/Developer/Xcode/DerivedData/SDKStatCaches.noindex/macosx26.0-25A352-28806144b0707e398aac92880fa50324.sdkstatcache -output-file-map /Users/senaca/Library/Developer/Xcode/DerivedData/AudiobookPlayer-aqutoaiklelvyvayxmjgbonardxy/Build/Intermediates.noindex/AudiobookPlayer.build/Debug-maccatalyst/AudiobookPlayer.build/Objects-normal/arm64/AudiobookPlayer-OutputFileMap.json -use-frontend-parseable-output -save-temps -no-color-diagnostics -explicit-module-build -module-cache-path /Users/senaca/Library/Developer/Xcode/DerivedData/AudiobookPlayer-aqutoaiklelvyvayxmjgbonardxy/Build/Intermediates.noindex/SwiftExplicitPrecompiledModules -clang-scanner-module-cache-path /Users/senaca/Library/Developer/Xcode/DerivedData/ModuleCache.noindex -sdk-module-cache-path /Users/senaca/Library/Developer/Xcode/DerivedData/ModuleCache.noindex -serialize-diagnostics -emit-dependencies -emit-module -emit-module-path /Users/senaca/Library/Developer/Xcode/DerivedData/AudiobookPlayer-aqutoaiklelvyvayxmjgbonardxy/Build/Intermediates.noindex/AudiobookPlayer.build/Debug-maccatalyst/AudiobookPlayer.build/Objects-normal/arm64/HappyBear.swiftmodule -validate-clang-modules-once -clang-build-session-file /Users/senaca/Library/Developer/Xcode/DerivedData/ModuleCache.noindex/Session.modulevalidation -Xcc -I/Users/senaca/Library/Developer/Xcode/DerivedData/AudiobookPlayer-aqutoaiklelvyvayxmjgbonardxy/Build/Intermediates.noindex/AudiobookPlayer.build/Debug-maccatalyst/AudiobookPlayer.build/swift-overrides.hmap -emit-const-values -Xfrontend -const-gather-protocols-file -Xfrontend /Users/senaca/Library/Developer/Xcode/DerivedData/AudiobookPlayer-aqutoaiklelvyvayxmjgbonardxy/Build/Intermediates.noindex/AudiobookPlayer.build/Debug-maccatalyst/AudiobookPlayer.build/Objects-normal/arm64/AudiobookPlayer_const_extract_protocols.json -Xcc -iquote -Xcc /Users/senaca/Library/Developer/Xcode/DerivedData/AudiobookPlayer-aqutoaiklelvyvayxmjgbonardxy/Build/Intermediates.noindex/AudiobookPlayer.build/Debug-maccatalyst/AudiobookPlayer.build/HappyBear-generated-files.hmap -Xcc -I/Users/senaca/Library/Developer/Xcode/DerivedData/AudiobookPlayer-aqutoaiklelvyvayxmjgbonardxy/Build/Intermediates.noindex/AudiobookPlayer.build/Debug-maccatalyst/AudiobookPlayer.build/HappyBear-own-target-headers.hmap -Xcc -I/Users/senaca/Library/Developer/Xcode/DerivedData/AudiobookPlayer-aqutoaiklelvyvayxmjgbonardxy/Build/Intermediates.noindex/AudiobookPlayer.build/Debug-maccatalyst/AudiobookPlayer.build/HappyBear-all-non-framework-target-headers.hmap -Xcc -ivfsoverlay -Xcc /Users/senaca/Library/Developer/Xcode/DerivedData/AudiobookPlayer-aqutoaiklelvyvayxmjgbonardxy/Build/Intermediates.noindex/AudiobookPlayer.build/Debug-maccatalyst/AudiobookPlayer-3becd422f5afba93f909cc0a8699f441-VFS-maccatalyst/all-product-headers.yaml -Xcc -iquote -Xcc /Users/senaca/Library/Developer/Xcode/DerivedData/AudiobookPlayer-aqutoaiklelvyvayxmjgbonardxy/Build/Intermediates.noindex/AudiobookPlayer.build/Debug-maccatalyst/AudiobookPlayer.build/HappyBear-project-headers.hmap -Xcc -I/Users/senaca/Library/Developer/Xcode/DerivedData/AudiobookPlayer-aqutoaiklelvyvayxmjgbonardxy/Build/Products/Debug-maccatalyst/include -Xcc -isystem -Xcc /Applications/Xcode.app/Contents/Developer/Platforms/MacOSX.platform/Developer/SDKs/MacOSX26.0.sdk/System/iOSSupport/usr/include -Xcc -I/Users/senaca/Library/Developer/Xcode/DerivedData/AudiobookPlayer-aqutoaiklelvyvayxmjgbonardxy/Build/Intermediates.noindex/AudiobookPlayer.build/Debug-maccatalyst/AudiobookPlayer.build/DerivedSources-normal/arm64 -Xcc -I/Users/senaca/Library/Developer/Xcode/DerivedData/AudiobookPlayer-aqutoaiklelvyvayxmjgbonardxy/Build/Intermediates.noindex/AudiobookPlayer.build/Debug-maccatalyst/AudiobookPlayer.build/DerivedSources/arm64 -Xcc -I/Users/senaca/Library/Developer/Xcode/DerivedData/AudiobookPlayer-aqutoaiklelvyvayxmjgbonardxy/Build/Intermediates.noindex/AudiobookPlayer.build/Debug-maccatalyst/AudiobookPlayer.build/DerivedSources -Xcc -DDEBUG\=1 -emit-objc-header -emit-objc-header-path /Users/senaca/Library/Developer/Xcode/DerivedData/AudiobookPlayer-aqutoaiklelvyvayxmjgbonardxy/Build/Intermediates.noindex/AudiobookPlayer.build/Debug-maccatalyst/AudiobookPlayer.build/Objects-normal/arm64/HappyBear-Swift.h -working-directory /Users/senaca/projects/audiobook-player -experimental-emit-module-separately -disable-cmo
/Users/senaca/projects/audiobook-player/AudiobookPlayer/AITabView.swift:196:20: error: static properties may only be declared on a type
    private static let refreshDateFormatter: DateFormatter = {
            ~~~~~~~^
            
/Users/senaca/projects/audiobook-player/AudiobookPlayer/AITabView.swift:295:1: error: extraneous '}' at top level
}
^
/Users/senaca/projects/audiobook-player/AudiobookPlayer/AITabView.swift:196:20: error: Static properties may only be declared on a type
    private static let refreshDateFormatter: DateFormatter = {
            ~~~~~~~^
             (in target 'AudiobookPlayer' from project 'AudiobookPlayer')
/Users/senaca/projects/audiobook-player/AudiobookPlayer/AITabView.swift:295:1: error: Extraneous '}' at top level
}
^ (in target 'AudiobookPlayer' from project 'AudiobookPlayer')

warning: Skipping duplicate build file in Compile Sources build phase: /Users/senaca/projects/audiobook-player/AudiobookPlayer/GRDBDatabaseManager.swift (in target 'AudiobookPlayer' from project 'AudiobookPlayer')
warning: Skipping duplicate build file in Compile Sources build phase: /Users/senaca/projects/audiobook-player/AudiobookPlayer/DatabaseConfig.swift (in target 'AudiobookPlayer' from project 'AudiobookPlayer')
warning: Skipping duplicate build file in Compile Sources build phase: /Users/senaca/projects/audiobook-player/AudiobookPlayer/DatabaseSchema.swift (in target 'AudiobookPlayer' from project 'AudiobookPlayer')
** BUILD FAILED **


The following build commands failed:
	SwiftDriver AudiobookPlayer normal arm64 com.apple.xcode.tools.swift.compiler (in target 'AudiobookPlayer' from project 'AudiobookPlayer')
	Building project AudiobookPlayer with scheme AudiobookPlayer and configuration Debug
(2 failures)
